<?xml version="1.0" encoding="UTF-8"?>
<testsuites name="TestSuite_WelcomePage" time="81.163" tests="1" failures="0" errors="0">
   <testsuite name="TestSuite_WelcomePage" tests="1" failures="0" errors="0" time="81.163" skipped="0" timestamp="2023-08-28 13:11:21" hostname="VeereshS - VEERESHS.emids.local" id="Test Suites/TestSuite_WelcomePage">
      <properties>
         <property name="deviceName"/>
         <property name="devicePlatform" value="WINDOWS"/>
         <property name="logFolder" value="C:\\Users\\VEERESHS\\git\\PerStore2\\Reports\\20230828_131102\\TestSuite_WelcomePage\\20230828_131102"/>
         <property name="logFiles" value="C:\\Users\\VEERESHS\\git\\PerStore2\\Reports\\20230828_131102\\TestSuite_WelcomePage\\20230828_131102\\execution0.log"/>
         <property name="attachments" value=""/>
         <property name="hostName" value="VeereshS - VEERESHS.emids.local"/>
         <property name="remoteDriverUrl" value="testcloud.katalon.com/hub"/>
         <property name="desiredCapabilities" value="{
  &quot;timeouts&quot;: {
    &quot;implicit&quot;: 0,
    &quot;pageLoad&quot;: 300000,
    &quot;script&quot;: 30000
  },
  &quot;platform&quot;: &quot;WINDOWS&quot;,
  &quot;goog:chromeOptions&quot;: {
    &quot;debuggerAddress&quot;: &quot;localhost:58682&quot;
  },
  &quot;requestId&quot;: &quot;62cef4ba-8ec9-449e-b081-dd13a0bf376a&quot;,
  &quot;webauthn:extension:credBlob&quot;: true,
  &quot;acceptInsecureCerts&quot;: false,
  &quot;browserVersion&quot;: &quot;114.0.0.0&quot;,
  &quot;browserName&quot;: &quot;chrome&quot;,
  &quot;javascriptEnabled&quot;: true,
  &quot;katalon:option&quot;: {
    &quot;unlimitedExecutionMinutes&quot;: true,
    &quot;userId&quot;: 1292133,
    &quot;organizationId&quot;: &quot;1239424&quot;,
    &quot;class&quot;: &quot;com.katalon.testcloud.grid.common.tunnel.domain.UserOptionCapability&quot;,
    &quot;runFromTestCloud&quot;: true,
    &quot;usingTunnel&quot;: false
  },
  &quot;platformName&quot;: &quot;WINDOWS&quot;,
  &quot;setWindowRect&quot;: true,
  &quot;webauthn:extension:largeBlob&quot;: true,
  &quot;networkConnectionEnabled&quot;: false,
  &quot;chrome&quot;: {
    &quot;chromedriverVersion&quot;: &quot;114.0.5735.16 (7e1ff058633f5b79b1cd7479aca585ba385519d8-refs/branch-heads/5735@{#182})&quot;,
    &quot;userDataDir&quot;: &quot;C:\\Users\\ltuser\\AppData\\Local\\Temp\\scoped_dir1052_437798626&quot;
  },
  &quot;pageLoadStrategy&quot;: &quot;normal&quot;,
  &quot;unhandledPromptBehavior&quot;: &quot;dismiss and notify&quot;,
  &quot;strictFileInteractability&quot;: false,
  &quot;***:loadExtension&quot;: [
    &quot;https://prod-magicleap-user-files-us-east-1-v1.s3.amazonaws.com/extensions/orgId-691279/SmartWait.zip&quot;
  ],
  &quot;version&quot;: &quot;114&quot;,
  &quot;se:cdp&quot;: &quot;ws://172.48.91.57:4444/session/640488be9fd841470b4ea664a5e3f0ac/se/cdp&quot;,
  &quot;proxy&quot;: {
    &quot;proxyType&quot;: &quot;DIRECT&quot;,
    &quot;autodetect&quot;: false
  },
  &quot;webauthn:extension:minPinLength&quot;: true,
  &quot;webdriver.remote.sessionid&quot;: &quot;640488be9fd841470b4ea664a5e3f0ac&quot;,
  &quot;webauthn:extension:prf&quot;: true,
  &quot;webauthn:virtualAuthenticators&quot;: true
}"/>
         <property name="os" value="Windows 10 64bit"/>
         <property name="remoteOS" value="Windows"/>
         <property name="katalonVersion" value="8.6.6.208"/>
         <property name="browser" value="Chrome 114.0.0.0"/>
         <property name="hostAddress" value="192.168.29.113"/>
         <property name="sessionId" value="640488be9fd841470b4ea664a5e3f0ac"/>
         <property name="seleniumVersion" value="3.141.59"/>
         <property name="proxyInformation" value="ProxyInformation { proxyOption=NO_PROXY, proxyServerType=HTTP, username=, password=********, proxyServerAddress=, proxyServerPort=0, executionList=&quot;&quot;, isApplyToDesiredCapabilities=true }"/>
         <property name="platform" value="Windows 10"/>
      </properties>
      <testcase name="Test Cases/PetStore2_WelcomePage/Verify_WelcomePage" time="80.931" classname="Test Cases/PetStore2_WelcomePage/Verify_WelcomePage" status="PASSED">
         <system-out><![CDATA[2023-08-28 13:11:21 - [TEST_CASE][PASSED] - Test Cases/PetStore2_WelcomePage/Verify_WelcomePage: Test Cases/PetStore2_WelcomePage/Verify_WelcomePage

2023-08-28 13:11:22 - [TEST_STEP][PASSED] - openBrowser(""): Browser is opened with url: ''

2023-08-28 13:11:22 - [MESSAGE][INFO] - User set preference: ['os', 'windows']

2023-08-28 13:11:22 - [MESSAGE][INFO] - User set preference: ['browserName', 'chrome']

2023-08-28 13:11:22 - [MESSAGE][INFO] - User set preference: ['browserVersion', '114']

2023-08-28 13:11:22 - [MESSAGE][INFO] - User set preference: ['katalon:option', '{organizationId=1239424, tunnelId=, usingTunnel=false}']

2023-08-28 13:11:22 - [MESSAGE][INFO] - Connecting to remote web server 'testcloud.katalon.com/hub' with type 'Selenium'

2023-08-28 13:11:23 - [MESSAGE][INFO] - Action delay is set to 0 milliseconds

2023-08-28 13:12:20 - [MESSAGE][PASSED] - Browser is opened with url: ''

2023-08-28 13:12:20 - [TEST_STEP][PASSED] - navigateToUrl("https://petstore.octoperf.com/"): Navigate to 'https://petstore.octoperf.com/' successfully

2023-08-28 13:12:22 - [MESSAGE][PASSED] - Navigate to 'https://petstore.octoperf.com/' successfully

2023-08-28 13:12:22 - [TEST_STEP][PASSED] - verifyElementPresent(findTestObject("Object Repository/WelcomePage/Page_JPetStore Demo/h2_Welcome to JPetStore 6"), 0): Object 'Object Repository/WelcomePage/Page_JPetStore Demo/h2_Welcome to JPetStore 6' is present

2023-08-28 13:12:22 - [MESSAGE][WARNING] - Timeout '0' is invalid. Using default page load timeout: '30'

2023-08-28 13:12:24 - [MESSAGE][PASSED] - Object 'Object Repository/WelcomePage/Page_JPetStore Demo/h2_Welcome to JPetStore 6' is present

2023-08-28 13:12:24 - [TEST_STEP][PASSED] - verifyElementText(findTestObject("Object Repository/WelcomePage/Page_JPetStore Demo/sub_Copyright www.mybatis.org"), "Copyright www.mybatis.org"): Actual text and expected text of test object 'Object Repository/WelcomePage/Page_JPetStore Demo/sub_Copyright www.mybatis.org' are matched.

2023-08-28 13:12:32 - [MESSAGE][PASSED] - Actual text and expected text of test object 'Object Repository/WelcomePage/Page_JPetStore Demo/sub_Copyright www.mybatis.org' are matched.

2023-08-28 13:12:32 - [TEST_STEP][PASSED] - waitForElementPresent(findTestObject("Object Repository/WelcomePage/Page_JPetStore Demo/a_Enter the Store"), 0): Object 'Object Repository/WelcomePage/Page_JPetStore Demo/a_Enter the Store' is present

2023-08-28 13:12:32 - [MESSAGE][WARNING] - Timeout '0' is invalid. Using default page load timeout: '30'

2023-08-28 13:12:39 - [MESSAGE][PASSED] - Object 'Object Repository/WelcomePage/Page_JPetStore Demo/a_Enter the Store' is present

2023-08-28 13:12:39 - [TEST_STEP][PASSED] - verifyElementPresent(findTestObject("Object Repository/WelcomePage/Page_JPetStore Demo/a_Enter the Store"), 0): Object 'Object Repository/WelcomePage/Page_JPetStore Demo/a_Enter the Store' is present

2023-08-28 13:12:39 - [MESSAGE][WARNING] - Timeout '0' is invalid. Using default page load timeout: '30'

2023-08-28 13:12:41 - [MESSAGE][PASSED] - Object 'Object Repository/WelcomePage/Page_JPetStore Demo/a_Enter the Store' is present

2023-08-28 13:12:41 - [TEST_STEP][PASSED] - closeBrowser(): Browser is closed

2023-08-28 13:12:42 - [MESSAGE][PASSED] - Browser is closed]]></system-out>
         <system-err><![CDATA[]]></system-err>
      </testcase>
      <system-out><![CDATA[2023-08-28 13:11:21 - [TEST_SUITE][PASSED] - TestSuite_WelcomePage: Test Cases/PetStore2_WelcomePage/Verify_WelcomePage]]></system-out>
      <system-err><![CDATA[]]></system-err>
   </testsuite>
</testsuites>
