<?xml version="1.0" encoding="UTF-8"?>
<testsuites name="TS_Cat_Nav" time="11.995" tests="1" failures="0" errors="0">
   <testsuite name="TS_Cat_Nav" tests="1" failures="0" errors="0" time="11.995" skipped="0" timestamp="2023-08-29 10:48:06" hostname="VeereshS - VEERESHS.emids.local" id="Test Suites/TS_Cat_Nav">
      <properties>
         <property name="deviceName" value=""/>
         <property name="devicePlatform" value=""/>
         <property name="logFolder" value="C:\\Users\\VEERESHS\\git\\PerStore2\\Reports\\20230829_104757\\TS_Cat_Nav\\20230829_104757"/>
         <property name="logFiles" value="C:\\Users\\VEERESHS\\git\\PerStore2\\Reports\\20230829_104757\\TS_Cat_Nav\\20230829_104757\\execution0.log"/>
         <property name="attachments" value="keyes\keyes-HomePage_UI_ScreenSHot.png"/>
         <property name="hostName" value="VeereshS - VEERESHS.emids.local"/>
         <property name="os" value="Windows 10 64bit"/>
         <property name="katalonVersion" value="8.6.6.208"/>
         <property name="browser" value="Chrome 116.0.0.0"/>
         <property name="hostAddress" value="192.168.29.113"/>
         <property name="sessionId" value="f22177228bc90db5b3d5f5a7f1082651"/>
         <property name="seleniumVersion" value="3.141.59"/>
         <property name="proxyInformation" value="ProxyInformation { proxyOption=NO_PROXY, proxyServerType=HTTP, username=, password=********, proxyServerAddress=, proxyServerPort=0, executionList=&quot;&quot;, isApplyToDesiredCapabilities=true }"/>
         <property name="platform" value="Windows 10"/>
      </properties>
      <testcase name="Test Cases/TC_Cat_Nav" time="11.734" classname="Test Cases/TC_Cat_Nav" status="PASSED">
         <system-out><![CDATA[2023-08-29 10:48:07 - [TEST_CASE][PASSED] - Test Cases/TC_Cat_Nav: Test Cases/TC_Cat_Nav

2023-08-29 10:48:07 - [TEST_STEP][PASSED] - openBrowser(""): Browser is opened with url: ''

2023-08-29 10:48:07 - [MESSAGE][INFO] - Starting 'Chrome' driver

2023-08-29 10:48:07 - [MESSAGE][INFO] - Action delay is set to 0 milliseconds

2023-08-29 10:48:09 - [MESSAGE][PASSED] - Browser is opened with url: ''

2023-08-29 10:48:09 - [TEST_STEP][PASSED] - navigateToUrl("https://petstore.octoperf.com/"): Navigate to 'https://petstore.octoperf.com/' successfully

2023-08-29 10:48:10 - [MESSAGE][PASSED] - Navigate to 'https://petstore.octoperf.com/' successfully

2023-08-29 10:48:10 - [TEST_STEP][PASSED] - waitForElementPresent(findTestObject("Object Repository/visualtest/Page_JPetStore Demo/a_Enter the Store"), 0): Object 'Object Repository/visualtest/Page_JPetStore Demo/a_Enter the Store' is present

2023-08-29 10:48:11 - [MESSAGE][WARNING] - Timeout '0' is invalid. Using default page load timeout: '30'

2023-08-29 10:48:11 - [MESSAGE][PASSED] - Object 'Object Repository/visualtest/Page_JPetStore Demo/a_Enter the Store' is present

2023-08-29 10:48:11 - [TEST_STEP][PASSED] - click(findTestObject("Object Repository/visualtest/Page_JPetStore Demo/a_Enter the Store")): Object: 'Object Repository/visualtest/Page_JPetStore Demo/a_Enter the Store' is clicked on

2023-08-29 10:48:12 - [MESSAGE][PASSED] - Object: 'Object Repository/visualtest/Page_JPetStore Demo/a_Enter the Store' is clicked on

2023-08-29 10:48:12 - [TEST_STEP][PASSED] - click(findTestObject("Object Repository/visualtest/Page_JPetStore Demo/img")): Object: 'Object Repository/visualtest/Page_JPetStore Demo/img' is clicked on

2023-08-29 10:48:13 - [MESSAGE][PASSED] - Object: 'Object Repository/visualtest/Page_JPetStore Demo/img' is clicked on

2023-08-29 10:48:13 - [TEST_STEP][PASSED] - click(findTestObject("Object Repository/visualtest/Page_JPetStore Demo/a_FL-DSH-01")): Object: 'Object Repository/visualtest/Page_JPetStore Demo/a_FL-DSH-01' is clicked on

2023-08-29 10:48:13 - [MESSAGE][PASSED] - Object: 'Object Repository/visualtest/Page_JPetStore Demo/a_FL-DSH-01' is clicked on

2023-08-29 10:48:13 - [TEST_STEP][PASSED] - click(findTestObject("Object Repository/visualtest/Page_JPetStore Demo/a_EST-14")): Object: 'Object Repository/visualtest/Page_JPetStore Demo/a_EST-14' is clicked on

2023-08-29 10:48:15 - [MESSAGE][PASSED] - Object: 'Object Repository/visualtest/Page_JPetStore Demo/a_EST-14' is clicked on

2023-08-29 10:48:15 - [TEST_STEP][PASSED] - click(findTestObject("Object Repository/visualtest/Page_JPetStore Demo/a_Add to Cart")): Object: 'Object Repository/visualtest/Page_JPetStore Demo/a_Add to Cart' is clicked on

2023-08-29 10:48:16 - [MESSAGE][PASSED] - Object: 'Object Repository/visualtest/Page_JPetStore Demo/a_Add to Cart' is clicked on

2023-08-29 10:48:16 - [TEST_STEP][PASSED] - click(findTestObject("Object Repository/visualtest/Page_JPetStore Demo/input_Sub Total 58.50_updateCartQuantities")): Object: 'Object Repository/visualtest/Page_JPetStore Demo/input_Sub Total 58.50_updateCartQuantities' is clicked on

2023-08-29 10:48:16 - [MESSAGE][PASSED] - Object: 'Object Repository/visualtest/Page_JPetStore Demo/input_Sub Total 58.50_updateCartQuantities' is clicked on

2023-08-29 10:48:16 - [TEST_STEP][PASSED] - click(findTestObject("Object Repository/visualtest/Page_JPetStore Demo/a_Return to Main Menu")): Object: 'Object Repository/visualtest/Page_JPetStore Demo/a_Return to Main Menu' is clicked on

2023-08-29 10:48:17 - [MESSAGE][PASSED] - Object: 'Object Repository/visualtest/Page_JPetStore Demo/a_Return to Main Menu' is clicked on

2023-08-29 10:48:17 - [TEST_STEP][PASSED] - takeFullPageScreenshotAsCheckpoint("HomePage_UI_ScreenSHot"): Taking screenshot successfully

2023-08-29 10:48:18 - [MESSAGE][INFO] - 0 hidden object(s)

2023-08-29 10:48:18 - [MESSAGE][PASSED] - Taking screenshot successfully
[[ATTACHMENT|keyes\keyes-HomePage_UI_ScreenSHot.png]]

2023-08-29 10:48:18 - [TEST_STEP][PASSED] - closeBrowser(): Browser is closed

2023-08-29 10:48:18 - [MESSAGE][PASSED] - Browser is closed]]></system-out>
         <system-err><![CDATA[]]></system-err>
      </testcase>
      <system-out><![CDATA[2023-08-29 10:48:06 - [TEST_SUITE][PASSED] - TS_Cat_Nav: Test Cases/TC_Cat_Nav]]></system-out>
      <system-err><![CDATA[]]></system-err>
   </testsuite>
</testsuites>
