<?xml version="1.0" encoding="UTF-8"?>
<testsuites name="TSHomeNew" time="13.297" tests="1" failures="0" errors="0">
   <testsuite name="TSHomeNew" tests="1" failures="0" errors="0" time="13.297" skipped="0" timestamp="2023-08-28 13:19:45" hostname="VeereshS - VEERESHS.emids.local" id="Test Suites/TSHomeNew">
      <properties>
         <property name="deviceName" value=""/>
         <property name="devicePlatform" value=""/>
         <property name="logFolder" value="C:\\Users\\VEERESHS\\git\\PerStore2\\Reports\\20230828_131856\\TSHomeNew\\20230828_131859"/>
         <property name="logFiles" value="C:\\Users\\VEERESHS\\git\\PerStore2\\Reports\\20230828_131856\\TSHomeNew\\20230828_131859\\execution0.log"/>
         <property name="attachments" value=""/>
         <property name="hostName" value="VeereshS - VEERESHS.emids.local"/>
         <property name="os" value="Windows 10 64bit"/>
         <property name="katalonVersion" value="8.6.6.208"/>
         <property name="browser" value="Chrome 116.0.0.0"/>
         <property name="hostAddress" value="192.168.29.113"/>
         <property name="sessionId" value="704c1ad6e47938138c2e49cd9bf9b761"/>
         <property name="seleniumVersion" value="3.141.59"/>
         <property name="proxyInformation" value="ProxyInformation { proxyOption=NO_PROXY, proxyServerType=HTTP, username=, password=********, proxyServerAddress=, proxyServerPort=0, executionList=&quot;&quot;, isApplyToDesiredCapabilities=true }"/>
         <property name="platform" value="Windows 10"/>
      </properties>
      <testcase name="Test Cases/PetStore2_HomePage/Verify_HomePage" time="12.675" classname="Test Cases/PetStore2_HomePage/Verify_HomePage" status="PASSED">
         <system-out><![CDATA[2023-08-28 13:19:46 - [TEST_CASE][PASSED] - Test Cases/PetStore2_HomePage/Verify_HomePage: Test Cases/PetStore2_HomePage/Verify_HomePage

2023-08-28 13:19:46 - [TEST_STEP][PASSED] - openBrowser(""): Browser is opened with url: ''

2023-08-28 13:19:47 - [MESSAGE][INFO] - Starting 'Chrome' driver

2023-08-28 13:19:47 - [MESSAGE][INFO] - Action delay is set to 0 milliseconds

2023-08-28 13:19:51 - [MESSAGE][PASSED] - Browser is opened with url: ''

2023-08-28 13:19:51 - [TEST_STEP][PASSED] - navigateToUrl("https://petstore.octoperf.com/"): Navigate to 'https://petstore.octoperf.com/' successfully

2023-08-28 13:19:52 - [MESSAGE][PASSED] - Navigate to 'https://petstore.octoperf.com/' successfully

2023-08-28 13:19:52 - [TEST_STEP][PASSED] - waitForElementPresent(findTestObject("Object Repository/HomePage/Page_JPetStore Demo/a_Enter the Store"), 0): Object 'Object Repository/HomePage/Page_JPetStore Demo/a_Enter the Store' is present

2023-08-28 13:19:52 - [MESSAGE][WARNING] - Timeout '0' is invalid. Using default page load timeout: '30'

2023-08-28 13:19:53 - [MESSAGE][PASSED] - Object 'Object Repository/HomePage/Page_JPetStore Demo/a_Enter the Store' is present

2023-08-28 13:19:53 - [TEST_STEP][PASSED] - click(findTestObject("Object Repository/HomePage/Page_JPetStore Demo/a_Enter the Store")): Object: 'Object Repository/HomePage/Page_JPetStore Demo/a_Enter the Store' is clicked on

2023-08-28 13:19:54 - [MESSAGE][PASSED] - Object: 'Object Repository/HomePage/Page_JPetStore Demo/a_Enter the Store' is clicked on

2023-08-28 13:19:54 - [TEST_STEP][PASSED] - waitForElementPresent(findTestObject("Object Repository/HomePage/Page_JPetStore Demo/a_Sign In"), 0): Object 'Object Repository/HomePage/Page_JPetStore Demo/a_Sign In' is present

2023-08-28 13:19:54 - [MESSAGE][WARNING] - Timeout '0' is invalid. Using default page load timeout: '30'

2023-08-28 13:19:54 - [MESSAGE][PASSED] - Object 'Object Repository/HomePage/Page_JPetStore Demo/a_Sign In' is present

2023-08-28 13:19:54 - [TEST_STEP][PASSED] - verifyElementPresent(findTestObject("Object Repository/HomePage/Page_JPetStore Demo/a_Sign In"), 0): Object 'Object Repository/HomePage/Page_JPetStore Demo/a_Sign In' is present

2023-08-28 13:19:55 - [MESSAGE][WARNING] - Timeout '0' is invalid. Using default page load timeout: '30'

2023-08-28 13:19:55 - [MESSAGE][PASSED] - Object 'Object Repository/HomePage/Page_JPetStore Demo/a_Sign In' is present

2023-08-28 13:19:55 - [TEST_STEP][PASSED] - verifyElementPresent(findTestObject("Object Repository/HomePage/Page_JPetStore Demo/img"), 0): Object 'Object Repository/HomePage/Page_JPetStore Demo/img' is present

2023-08-28 13:19:55 - [MESSAGE][WARNING] - Timeout '0' is invalid. Using default page load timeout: '30'

2023-08-28 13:19:55 - [MESSAGE][PASSED] - Object 'Object Repository/HomePage/Page_JPetStore Demo/img' is present

2023-08-28 13:19:55 - [TEST_STEP][PASSED] - verifyElementPresent(findTestObject("Object Repository/HomePage/Page_JPetStore Demo/img_1"), 0): Object 'Object Repository/HomePage/Page_JPetStore Demo/img_1' is present

2023-08-28 13:19:55 - [MESSAGE][WARNING] - Timeout '0' is invalid. Using default page load timeout: '30'

2023-08-28 13:19:56 - [MESSAGE][PASSED] - Object 'Object Repository/HomePage/Page_JPetStore Demo/img_1' is present

2023-08-28 13:19:56 - [TEST_STEP][PASSED] - verifyElementPresent(findTestObject("Object Repository/HomePage/Page_JPetStore Demo/img_1_2"), 0): Object 'Object Repository/HomePage/Page_JPetStore Demo/img_1_2' is present

2023-08-28 13:19:56 - [MESSAGE][WARNING] - Timeout '0' is invalid. Using default page load timeout: '30'

2023-08-28 13:19:56 - [MESSAGE][PASSED] - Object 'Object Repository/HomePage/Page_JPetStore Demo/img_1_2' is present

2023-08-28 13:19:56 - [TEST_STEP][PASSED] - verifyElementPresent(findTestObject("Object Repository/HomePage/Page_JPetStore Demo/img_1_2_3"), 0): Object 'Object Repository/HomePage/Page_JPetStore Demo/img_1_2_3' is present

2023-08-28 13:19:56 - [MESSAGE][WARNING] - Timeout '0' is invalid. Using default page load timeout: '30'

2023-08-28 13:19:57 - [MESSAGE][PASSED] - Object 'Object Repository/HomePage/Page_JPetStore Demo/img_1_2_3' is present

2023-08-28 13:19:57 - [TEST_STEP][PASSED] - verifyElementPresent(findTestObject("Object Repository/HomePage/Page_JPetStore Demo/img_1_2_3_4"), 0): Object 'Object Repository/HomePage/Page_JPetStore Demo/img_1_2_3_4' is present

2023-08-28 13:19:57 - [MESSAGE][WARNING] - Timeout '0' is invalid. Using default page load timeout: '30'

2023-08-28 13:19:57 - [MESSAGE][PASSED] - Object 'Object Repository/HomePage/Page_JPetStore Demo/img_1_2_3_4' is present

2023-08-28 13:19:57 - [TEST_STEP][PASSED] - verifyElementPresent(findTestObject("Object Repository/HomePage/Page_JPetStore Demo/input__searchProducts"), 0): Object 'Object Repository/HomePage/Page_JPetStore Demo/input__searchProducts' is present

2023-08-28 13:19:57 - [MESSAGE][WARNING] - Timeout '0' is invalid. Using default page load timeout: '30'

2023-08-28 13:19:57 - [MESSAGE][PASSED] - Object 'Object Repository/HomePage/Page_JPetStore Demo/input__searchProducts' is present

2023-08-28 13:19:57 - [TEST_STEP][PASSED] - closeBrowser(): Browser is closed

2023-08-28 13:19:58 - [MESSAGE][PASSED] - Browser is closed]]></system-out>
         <system-err><![CDATA[]]></system-err>
      </testcase>
      <system-out><![CDATA[2023-08-28 13:19:45 - [TEST_SUITE][PASSED] - TSHomeNew: Test Cases/PetStore2_HomePage/Verify_HomePage]]></system-out>
      <system-err><![CDATA[]]></system-err>
   </testsuite>
</testsuites>
