<?xml version="1.0" encoding="UTF-8"?>
<testsuites name="TS_Cat_Nav" time="9.879" tests="1" failures="0" errors="0">
   <testsuite name="TS_Cat_Nav" tests="1" failures="0" errors="0" time="9.879" skipped="0" timestamp="2023-08-29 10:58:29" hostname="VeereshS - VEERESHS.emids.local" id="Test Suites/TS_Cat_Nav">
      <properties>
         <property name="deviceName" value=""/>
         <property name="devicePlatform" value=""/>
         <property name="logFolder" value="C:\\Users\\VEERESHS\\git\\PerStore2\\Reports\\20230829_105806\\TS_Cat_Nav\\20230829_105807"/>
         <property name="logFiles" value="C:\\Users\\VEERESHS\\git\\PerStore2\\Reports\\20230829_105806\\TS_Cat_Nav\\20230829_105807\\execution0.log"/>
         <property name="attachments" value="keyes\keyes-Home_ScreenShot.png"/>
         <property name="hostName" value="VeereshS - VEERESHS.emids.local"/>
         <property name="os" value="Windows 10 64bit"/>
         <property name="katalonVersion" value="8.6.6.208"/>
         <property name="browser" value="Chrome 116.0.0.0"/>
         <property name="hostAddress" value="192.168.29.113"/>
         <property name="sessionId" value="1050bf9fd70f6082bb33ebe2f2247333"/>
         <property name="seleniumVersion" value="3.141.59"/>
         <property name="proxyInformation" value="ProxyInformation { proxyOption=NO_PROXY, proxyServerType=HTTP, username=, password=********, proxyServerAddress=, proxyServerPort=0, executionList=&quot;&quot;, isApplyToDesiredCapabilities=true }"/>
         <property name="platform" value="Windows 10"/>
      </properties>
      <testcase name="Test Cases/TC_Cat_Nav" time="9.492" classname="Test Cases/TC_Cat_Nav" status="PASSED">
         <system-out><![CDATA[2023-08-29 10:58:29 - [TEST_CASE][PASSED] - Test Cases/TC_Cat_Nav: Test Cases/TC_Cat_Nav

2023-08-29 10:58:30 - [TEST_STEP][PASSED] - openBrowser(""): Browser is opened with url: ''

2023-08-29 10:58:30 - [MESSAGE][INFO] - Starting 'Chrome' driver

2023-08-29 10:58:30 - [MESSAGE][INFO] - Action delay is set to 0 milliseconds

2023-08-29 10:58:33 - [MESSAGE][PASSED] - Browser is opened with url: ''

2023-08-29 10:58:33 - [TEST_STEP][PASSED] - navigateToUrl("https://petstore.octoperf.com/"): Navigate to 'https://petstore.octoperf.com/' successfully

2023-08-29 10:58:34 - [MESSAGE][PASSED] - Navigate to 'https://petstore.octoperf.com/' successfully

2023-08-29 10:58:34 - [TEST_STEP][PASSED] - waitForElementPresent(findTestObject("Object Repository/visualtest/Page_JPetStore Demo/a_Enter the Store"), 0): Object 'Object Repository/visualtest/Page_JPetStore Demo/a_Enter the Store' is present

2023-08-29 10:58:34 - [MESSAGE][WARNING] - Timeout '0' is invalid. Using default page load timeout: '30'

2023-08-29 10:58:34 - [MESSAGE][PASSED] - Object 'Object Repository/visualtest/Page_JPetStore Demo/a_Enter the Store' is present

2023-08-29 10:58:34 - [TEST_STEP][PASSED] - click(findTestObject("Object Repository/visualtest/Page_JPetStore Demo/a_Enter the Store")): Object: 'Object Repository/visualtest/Page_JPetStore Demo/a_Enter the Store' is clicked on

2023-08-29 10:58:36 - [MESSAGE][PASSED] - Object: 'Object Repository/visualtest/Page_JPetStore Demo/a_Enter the Store' is clicked on

2023-08-29 10:58:36 - [TEST_STEP][PASSED] - click(findTestObject("Object Repository/visualtest/Page_JPetStore Demo/img")): Object: 'Object Repository/visualtest/Page_JPetStore Demo/img' is clicked on

2023-08-29 10:58:36 - [MESSAGE][PASSED] - Object: 'Object Repository/visualtest/Page_JPetStore Demo/img' is clicked on

2023-08-29 10:58:36 - [TEST_STEP][PASSED] - click(findTestObject("Object Repository/visualtest/Page_JPetStore Demo/a_Return to Main Menu")): Object: 'Object Repository/visualtest/Page_JPetStore Demo/a_Return to Main Menu' is clicked on

2023-08-29 10:58:37 - [MESSAGE][PASSED] - Object: 'Object Repository/visualtest/Page_JPetStore Demo/a_Return to Main Menu' is clicked on

2023-08-29 10:58:37 - [TEST_STEP][PASSED] - rightClick(findTestObject("Object Repository/visualtest/Page_JPetStore Demo/img_1")): Object: 'Object Repository/visualtest/Page_JPetStore Demo/img_1' is right clicked on

2023-08-29 10:58:38 - [MESSAGE][PASSED] - Object: 'Object Repository/visualtest/Page_JPetStore Demo/img_1' is right clicked on

2023-08-29 10:58:38 - [TEST_STEP][PASSED] - takeScreenshotAsCheckpoint("Home_ScreenShot"): Taking screenshot successfully

2023-08-29 10:58:38 - [MESSAGE][INFO] - 0 hidden object(s)

2023-08-29 10:58:38 - [MESSAGE][PASSED] - Taking screenshot successfully
[[ATTACHMENT|keyes\keyes-Home_ScreenShot.png]]

2023-08-29 10:58:38 - [TEST_STEP][PASSED] - closeBrowser(): Browser is closed

2023-08-29 10:58:39 - [MESSAGE][PASSED] - Browser is closed]]></system-out>
         <system-err><![CDATA[]]></system-err>
      </testcase>
      <system-out><![CDATA[2023-08-29 10:58:29 - [TEST_SUITE][PASSED] - TS_Cat_Nav: Test Cases/TC_Cat_Nav]]></system-out>
      <system-err><![CDATA[]]></system-err>
   </testsuite>
</testsuites>
