<?xml version="1.0" encoding="UTF-8"?>
<testsuites name="TestSuite_WelcomePage" time="77.224" tests="1" failures="0" errors="0">
   <testsuite name="TestSuite_WelcomePage" tests="1" failures="0" errors="0" time="77.224" skipped="0" timestamp="2023-08-28 13:15:07" hostname="VeereshS - VEERESHS.emids.local" id="Test Suites/TestSuite_WelcomePage">
      <properties>
         <property name="deviceName"/>
         <property name="devicePlatform" value="WINDOWS"/>
         <property name="logFolder" value="C:\\Users\\VEERESHS\\git\\PerStore2\\Reports\\20230828_131501\\TestSuite_WelcomePage\\20230828_131501"/>
         <property name="logFiles" value="C:\\Users\\VEERESHS\\git\\PerStore2\\Reports\\20230828_131501\\TestSuite_WelcomePage\\20230828_131501\\execution0.log"/>
         <property name="attachments" value=""/>
         <property name="hostName" value="VeereshS - VEERESHS.emids.local"/>
         <property name="remoteDriverUrl" value="testcloud.katalon.com/hub"/>
         <property name="desiredCapabilities" value="{
  &quot;se:cdpVersion&quot;: &quot;114.0.1823.43&quot;,
  &quot;timeouts&quot;: {
    &quot;implicit&quot;: 0,
    &quot;pageLoad&quot;: 300000,
    &quot;script&quot;: 30000
  },
  &quot;platform&quot;: &quot;WINDOWS&quot;,
  &quot;requestId&quot;: &quot;7492ca34-fdfd-4811-9b47-78a7fb448a26&quot;,
  &quot;webauthn:extension:credBlob&quot;: true,
  &quot;acceptInsecureCerts&quot;: false,
  &quot;browserVersion&quot;: &quot;Chromium&quot;,
  &quot;browserName&quot;: &quot;msedge&quot;,
  &quot;javascriptEnabled&quot;: true,
  &quot;katalon:option&quot;: {
    &quot;unlimitedExecutionMinutes&quot;: true,
    &quot;userId&quot;: 1292133,
    &quot;organizationId&quot;: &quot;1239424&quot;,
    &quot;class&quot;: &quot;com.katalon.testcloud.grid.common.tunnel.domain.UserOptionCapability&quot;,
    &quot;runFromTestCloud&quot;: true,
    &quot;usingTunnel&quot;: false
  },
  &quot;platformName&quot;: &quot;WINDOWS&quot;,
  &quot;ms:edgeOptions&quot;: {
    &quot;debuggerAddress&quot;: &quot;localhost:49951&quot;
  },
  &quot;setWindowRect&quot;: true,
  &quot;webauthn:extension:largeBlob&quot;: true,
  &quot;networkConnectionEnabled&quot;: false,
  &quot;msedge&quot;: {
    &quot;msedgedriverVersion&quot;: &quot;114.0.1823.18 (8b9609669814d9cfea3542ea61f14425e1212100)&quot;,
    &quot;userDataDir&quot;: &quot;C:\\Windows\\SystemTemp\\scoped_dir4792_11829690&quot;
  },
  &quot;pageLoadStrategy&quot;: &quot;normal&quot;,
  &quot;unhandledPromptBehavior&quot;: &quot;dismiss and notify&quot;,
  &quot;strictFileInteractability&quot;: false,
  &quot;se:cdp&quot;: &quot;ws://10.0.2.15:4444/session/f245a29dabc5c29302a0941fea9586a4/se/cdp&quot;,
  &quot;proxy&quot;: {
    &quot;proxyType&quot;: &quot;DIRECT&quot;,
    &quot;autodetect&quot;: false
  },
  &quot;webauthn:extension:minPinLength&quot;: true,
  &quot;webauthn:extension:prf&quot;: true,
  &quot;webauthn:virtualAuthenticators&quot;: true
}"/>
         <property name="os" value="Windows 10 64bit"/>
         <property name="remoteOS" value="Windows"/>
         <property name="katalonVersion" value="8.6.6.208"/>
         <property name="browser" value="Edge Chromium 114"/>
         <property name="hostAddress" value="192.168.29.113"/>
         <property name="sessionId" value="f245a29dabc5c29302a0941fea9586a4"/>
         <property name="seleniumVersion" value="3.141.59"/>
         <property name="proxyInformation" value="ProxyInformation { proxyOption=NO_PROXY, proxyServerType=HTTP, username=, password=********, proxyServerAddress=, proxyServerPort=0, executionList=&quot;&quot;, isApplyToDesiredCapabilities=true }"/>
         <property name="platform" value="Windows 10"/>
      </properties>
      <testcase name="Test Cases/PetStore2_WelcomePage/Verify_WelcomePage" time="77.038" classname="Test Cases/PetStore2_WelcomePage/Verify_WelcomePage" status="PASSED">
         <system-out><![CDATA[2023-08-28 13:15:07 - [TEST_CASE][PASSED] - Test Cases/PetStore2_WelcomePage/Verify_WelcomePage: Test Cases/PetStore2_WelcomePage/Verify_WelcomePage

2023-08-28 13:15:07 - [TEST_STEP][PASSED] - openBrowser(""): Browser is opened with url: ''

2023-08-28 13:15:07 - [MESSAGE][INFO] - User set preference: ['os', 'windows']

2023-08-28 13:15:07 - [MESSAGE][INFO] - User set preference: ['browserName', 'msedge']

2023-08-28 13:15:07 - [MESSAGE][INFO] - User set preference: ['browserVersion', '114']

2023-08-28 13:15:07 - [MESSAGE][INFO] - User set preference: ['katalon:option', '{organizationId=1239424, tunnelId=, usingTunnel=false}']

2023-08-28 13:15:07 - [MESSAGE][INFO] - Connecting to remote web server 'testcloud.katalon.com/hub' with type 'Selenium'

2023-08-28 13:15:08 - [MESSAGE][INFO] - Action delay is set to 0 milliseconds

2023-08-28 13:16:13 - [MESSAGE][PASSED] - Browser is opened with url: ''

2023-08-28 13:16:13 - [TEST_STEP][PASSED] - navigateToUrl("https://petstore.octoperf.com/"): Navigate to 'https://petstore.octoperf.com/' successfully

2023-08-28 13:16:14 - [MESSAGE][PASSED] - Navigate to 'https://petstore.octoperf.com/' successfully

2023-08-28 13:16:14 - [TEST_STEP][PASSED] - verifyElementPresent(findTestObject("Object Repository/WelcomePage/Page_JPetStore Demo/h2_Welcome to JPetStore 6"), 0): Object 'Object Repository/WelcomePage/Page_JPetStore Demo/h2_Welcome to JPetStore 6' is present

2023-08-28 13:16:14 - [MESSAGE][WARNING] - Timeout '0' is invalid. Using default page load timeout: '30'

2023-08-28 13:16:16 - [MESSAGE][PASSED] - Object 'Object Repository/WelcomePage/Page_JPetStore Demo/h2_Welcome to JPetStore 6' is present

2023-08-28 13:16:16 - [TEST_STEP][PASSED] - verifyElementText(findTestObject("Object Repository/WelcomePage/Page_JPetStore Demo/sub_Copyright www.mybatis.org"), "Copyright www.mybatis.org"): Actual text and expected text of test object 'Object Repository/WelcomePage/Page_JPetStore Demo/sub_Copyright www.mybatis.org' are matched.

2023-08-28 13:16:19 - [MESSAGE][PASSED] - Actual text and expected text of test object 'Object Repository/WelcomePage/Page_JPetStore Demo/sub_Copyright www.mybatis.org' are matched.

2023-08-28 13:16:19 - [TEST_STEP][PASSED] - waitForElementPresent(findTestObject("Object Repository/WelcomePage/Page_JPetStore Demo/a_Enter the Store"), 0): Object 'Object Repository/WelcomePage/Page_JPetStore Demo/a_Enter the Store' is present

2023-08-28 13:16:19 - [MESSAGE][WARNING] - Timeout '0' is invalid. Using default page load timeout: '30'

2023-08-28 13:16:20 - [MESSAGE][PASSED] - Object 'Object Repository/WelcomePage/Page_JPetStore Demo/a_Enter the Store' is present

2023-08-28 13:16:20 - [TEST_STEP][PASSED] - verifyElementPresent(findTestObject("Object Repository/WelcomePage/Page_JPetStore Demo/a_Enter the Store"), 0): Object 'Object Repository/WelcomePage/Page_JPetStore Demo/a_Enter the Store' is present

2023-08-28 13:16:20 - [MESSAGE][WARNING] - Timeout '0' is invalid. Using default page load timeout: '30'

2023-08-28 13:16:22 - [MESSAGE][PASSED] - Object 'Object Repository/WelcomePage/Page_JPetStore Demo/a_Enter the Store' is present

2023-08-28 13:16:22 - [TEST_STEP][PASSED] - closeBrowser(): Browser is closed

2023-08-28 13:16:24 - [MESSAGE][PASSED] - Browser is closed]]></system-out>
         <system-err><![CDATA[]]></system-err>
      </testcase>
      <system-out><![CDATA[2023-08-28 13:15:07 - [TEST_SUITE][PASSED] - TestSuite_WelcomePage: Test Cases/PetStore2_WelcomePage/Verify_WelcomePage]]></system-out>
      <system-err><![CDATA[]]></system-err>
   </testsuite>
</testsuites>
