<?xml version="1.0" encoding="UTF-8"?>
<testsuites name="TestSuite_WelcomePage" time="112.777" tests="1" failures="0" errors="0">
   <testsuite name="TestSuite_WelcomePage" tests="1" failures="0" errors="0" time="112.777" skipped="0" timestamp="2023-08-28 10:53:17" hostname="VeereshS - VEERESHS.emids.local" id="Test Suites/TestSuite_WelcomePage">
      <properties>
         <property name="deviceName"/>
         <property name="devicePlatform" value="MAC"/>
         <property name="logFolder" value="C:\\Users\\VEERESHS\\git\\PerStore2\\Reports\\20230828_105257\\TestSuite_WelcomePage\\20230828_105257"/>
         <property name="logFiles" value="C:\\Users\\VEERESHS\\git\\PerStore2\\Reports\\20230828_105257\\TestSuite_WelcomePage\\20230828_105257\\execution0.log"/>
         <property name="attachments" value=""/>
         <property name="hostName" value="VeereshS - VEERESHS.emids.local"/>
         <property name="remoteDriverUrl" value="testcloud.katalon.com/hub"/>
         <property name="desiredCapabilities" value="{
  &quot;timeouts&quot;: {
    &quot;implicit&quot;: 0,
    &quot;pageLoad&quot;: 300000,
    &quot;script&quot;: 30000
  },
  &quot;platform&quot;: &quot;MAC&quot;,
  &quot;requestId&quot;: &quot;60e9f90f-c1cc-4301-a335-a5390a3f6fbe&quot;,
  &quot;webauthn:extension:credBlob&quot;: true,
  &quot;acceptInsecureCerts&quot;: false,
  &quot;browserVersion&quot;: &quot;Chromium&quot;,
  &quot;browserName&quot;: &quot;msedge&quot;,
  &quot;javascriptEnabled&quot;: true,
  &quot;katalon:option&quot;: {
    &quot;unlimitedExecutionMinutes&quot;: true,
    &quot;userId&quot;: 1292133,
    &quot;organizationId&quot;: &quot;1239424&quot;,
    &quot;class&quot;: &quot;com.katalon.testcloud.grid.common.tunnel.domain.UserOptionCapability&quot;,
    &quot;runFromTestCloud&quot;: true,
    &quot;usingTunnel&quot;: false
  },
  &quot;platformName&quot;: &quot;MAC&quot;,
  &quot;ms:edgeOptions&quot;: {
    &quot;debuggerAddress&quot;: &quot;localhost:61328&quot;
  },
  &quot;setWindowRect&quot;: true,
  &quot;webauthn:extension:largeBlob&quot;: true,
  &quot;networkConnectionEnabled&quot;: false,
  &quot;os&quot;: &quot;macos&quot;,
  &quot;msedge&quot;: {
    &quot;msedgedriverVersion&quot;: &quot;111.0.1661.44 (fc2a57ec5a410298200db8ad3013657d5472c408)&quot;,
    &quot;userDataDir&quot;: &quot;/var/folders/0l/5r592qr523v3ggqssbljjvdc0000gp/T/.com.microsoft.edgemac.kIVvxU&quot;
  },
  &quot;pageLoadStrategy&quot;: &quot;normal&quot;,
  &quot;unhandledPromptBehavior&quot;: &quot;dismiss and notify&quot;,
  &quot;strictFileInteractability&quot;: false,
  &quot;***:loadExtension&quot;: [
    &quot;https://prod-magicleap-user-files-us-east-1-v1.s3.amazonaws.com/extensions/orgId-691279/SmartWait.zip&quot;
  ],
  &quot;version&quot;: &quot;111&quot;,
  &quot;se:cdp&quot;: &quot;ws://172.48.72.242:4444/session/9edd1b3cbe48f8f65904dcf6205982d3/se/cdp&quot;,
  &quot;proxy&quot;: {
    &quot;proxyType&quot;: &quot;DIRECT&quot;,
    &quot;autodetect&quot;: false
  },
  &quot;webauthn:extension:minPinLength&quot;: true,
  &quot;webdriver.remote.sessionid&quot;: &quot;9edd1b3cbe48f8f65904dcf6205982d3&quot;,
  &quot;webauthn:extension:prf&quot;: true,
  &quot;webauthn:virtualAuthenticators&quot;: true
}"/>
         <property name="os" value="Windows 10 64bit"/>
         <property name="remoteOS" value="MacOS"/>
         <property name="katalonVersion" value="8.6.6.208"/>
         <property name="browser" value="Edge Chromium 111"/>
         <property name="hostAddress" value="192.168.29.113"/>
         <property name="sessionId" value="9edd1b3cbe48f8f65904dcf6205982d3"/>
         <property name="seleniumVersion" value="3.141.59"/>
         <property name="proxyInformation" value="ProxyInformation { proxyOption=NO_PROXY, proxyServerType=HTTP, username=, password=********, proxyServerAddress=, proxyServerPort=0, executionList=&quot;&quot;, isApplyToDesiredCapabilities=true }"/>
         <property name="platform" value="Windows 10"/>
      </properties>
      <testcase name="Test Cases/PetStore2_WelcomePage/Verify_WelcomePage" time="112.365" classname="Test Cases/PetStore2_WelcomePage/Verify_WelcomePage" status="PASSED">
         <system-out><![CDATA[2023-08-28 10:53:18 - [TEST_CASE][PASSED] - Test Cases/PetStore2_WelcomePage/Verify_WelcomePage: Test Cases/PetStore2_WelcomePage/Verify_WelcomePage

2023-08-28 10:53:18 - [TEST_STEP][PASSED] - openBrowser(""): Browser is opened with url: ''

2023-08-28 10:53:19 - [MESSAGE][INFO] - User set preference: ['os', 'macos']

2023-08-28 10:53:19 - [MESSAGE][INFO] - User set preference: ['browserName', 'msedge']

2023-08-28 10:53:19 - [MESSAGE][INFO] - User set preference: ['browserVersion', '111']

2023-08-28 10:53:19 - [MESSAGE][INFO] - User set preference: ['katalon:option', '{organizationId=1239424, tunnelId=, usingTunnel=false}']

2023-08-28 10:53:19 - [MESSAGE][INFO] - Connecting to remote web server 'testcloud.katalon.com/hub' with type 'Selenium'

2023-08-28 10:53:20 - [MESSAGE][INFO] - Action delay is set to 0 milliseconds

2023-08-28 10:54:57 - [MESSAGE][PASSED] - Browser is opened with url: ''

2023-08-28 10:54:57 - [TEST_STEP][PASSED] - navigateToUrl("https://petstore.octoperf.com/"): Navigate to 'https://petstore.octoperf.com/' successfully

2023-08-28 10:54:58 - [MESSAGE][PASSED] - Navigate to 'https://petstore.octoperf.com/' successfully

2023-08-28 10:54:58 - [TEST_STEP][PASSED] - verifyElementPresent(findTestObject("Object Repository/WelcomePage/Page_JPetStore Demo/h2_Welcome to JPetStore 6"), 0): Object 'Object Repository/WelcomePage/Page_JPetStore Demo/h2_Welcome to JPetStore 6' is present

2023-08-28 10:54:59 - [MESSAGE][WARNING] - Timeout '0' is invalid. Using default page load timeout: '30'

2023-08-28 10:55:01 - [MESSAGE][PASSED] - Object 'Object Repository/WelcomePage/Page_JPetStore Demo/h2_Welcome to JPetStore 6' is present

2023-08-28 10:55:01 - [TEST_STEP][PASSED] - verifyElementText(findTestObject("Object Repository/WelcomePage/Page_JPetStore Demo/sub_Copyright www.mybatis.org"), "Copyright www.mybatis.org"): Actual text and expected text of test object 'Object Repository/WelcomePage/Page_JPetStore Demo/sub_Copyright www.mybatis.org' are matched.

2023-08-28 10:55:04 - [MESSAGE][PASSED] - Actual text and expected text of test object 'Object Repository/WelcomePage/Page_JPetStore Demo/sub_Copyright www.mybatis.org' are matched.

2023-08-28 10:55:04 - [TEST_STEP][PASSED] - waitForElementPresent(findTestObject("Object Repository/WelcomePage/Page_JPetStore Demo/a_Enter the Store"), 0): Object 'Object Repository/WelcomePage/Page_JPetStore Demo/a_Enter the Store' is present

2023-08-28 10:55:04 - [MESSAGE][WARNING] - Timeout '0' is invalid. Using default page load timeout: '30'

2023-08-28 10:55:06 - [MESSAGE][PASSED] - Object 'Object Repository/WelcomePage/Page_JPetStore Demo/a_Enter the Store' is present

2023-08-28 10:55:06 - [TEST_STEP][PASSED] - verifyElementPresent(findTestObject("Object Repository/WelcomePage/Page_JPetStore Demo/a_Enter the Store"), 0): Object 'Object Repository/WelcomePage/Page_JPetStore Demo/a_Enter the Store' is present

2023-08-28 10:55:06 - [MESSAGE][WARNING] - Timeout '0' is invalid. Using default page load timeout: '30'

2023-08-28 10:55:09 - [MESSAGE][PASSED] - Object 'Object Repository/WelcomePage/Page_JPetStore Demo/a_Enter the Store' is present

2023-08-28 10:55:09 - [TEST_STEP][PASSED] - closeBrowser(): Browser is closed

2023-08-28 10:55:10 - [MESSAGE][PASSED] - Browser is closed]]></system-out>
         <system-err><![CDATA[]]></system-err>
      </testcase>
      <system-out><![CDATA[2023-08-28 10:53:17 - [TEST_SUITE][PASSED] - TestSuite_WelcomePage: Test Cases/PetStore2_WelcomePage/Verify_WelcomePage]]></system-out>
      <system-err><![CDATA[]]></system-err>
   </testsuite>
</testsuites>
