<?xml version="1.0" encoding="UTF-8"?>
<testsuites name="TestSuiteCollection_PetStore2" time="58.869" tests="2" failures="0" errors="0">
   <testsuite name="TestSuite_HomePage" tests="1" failures="0" errors="0" time="9.855" skipped="0" timestamp="2023-08-28 10:33:02" hostname="VeereshS - VEERESHS.emids.local" id="Test Suites/TestSuite_HomePage">
      <properties>
         <property name="deviceName" value=""/>
         <property name="devicePlatform" value=""/>
         <property name="logFolder" value="C:\\Users\\VEERESHS\\git\\PerStore2\\Reports\\20230828_103248\\TestSuite_HomePage\\20230828_103250"/>
         <property name="logFiles" value="C:\\Users\\VEERESHS\\git\\PerStore2\\Reports\\20230828_103248\\TestSuite_HomePage\\20230828_103250\\execution0.log"/>
         <property name="attachments" value=""/>
         <property name="hostName" value="VeereshS - VEERESHS.emids.local"/>
         <property name="os" value="Windows 10 64bit"/>
         <property name="katalonVersion" value="8.6.6.208"/>
         <property name="browser" value="Chrome 116.0.0.0"/>
         <property name="hostAddress" value="192.168.29.113"/>
         <property name="sessionId" value="6f6aa59e36ffa7c15d163884b2bed2f6"/>
         <property name="seleniumVersion" value="3.141.59"/>
         <property name="proxyInformation" value="ProxyInformation { proxyOption=NO_PROXY, proxyServerType=HTTP, username=, password=********, proxyServerAddress=, proxyServerPort=0, executionList=&quot;&quot;, isApplyToDesiredCapabilities=true }"/>
         <property name="platform" value="Windows 10"/>
      </properties>
      <testcase name="Test Cases/PetStore2_HomePage/Verify_HomePage" time="9.568" classname="Test Cases/PetStore2_HomePage/Verify_HomePage" status="PASSED">
         <system-out><![CDATA[2023-08-28 10:33:03 - [TEST_CASE][PASSED] - Test Cases/PetStore2_HomePage/Verify_HomePage: Test Cases/PetStore2_HomePage/Verify_HomePage

2023-08-28 10:33:03 - [TEST_STEP][PASSED] - openBrowser(""): Browser is opened with url: ''

2023-08-28 10:33:04 - [MESSAGE][INFO] - Starting 'Chrome' driver

2023-08-28 10:33:04 - [MESSAGE][INFO] - Action delay is set to 0 milliseconds

2023-08-28 10:33:06 - [MESSAGE][PASSED] - Browser is opened with url: ''

2023-08-28 10:33:06 - [TEST_STEP][PASSED] - navigateToUrl("https://petstore.octoperf.com/"): Navigate to 'https://petstore.octoperf.com/' successfully

2023-08-28 10:33:07 - [MESSAGE][PASSED] - Navigate to 'https://petstore.octoperf.com/' successfully

2023-08-28 10:33:07 - [TEST_STEP][PASSED] - waitForElementPresent(findTestObject("Object Repository/HomePage/Page_JPetStore Demo/a_Enter the Store"), 0): Object 'Object Repository/HomePage/Page_JPetStore Demo/a_Enter the Store' is present

2023-08-28 10:33:07 - [MESSAGE][WARNING] - Timeout '0' is invalid. Using default page load timeout: '30'

2023-08-28 10:33:07 - [MESSAGE][PASSED] - Object 'Object Repository/HomePage/Page_JPetStore Demo/a_Enter the Store' is present

2023-08-28 10:33:07 - [TEST_STEP][PASSED] - click(findTestObject("Object Repository/HomePage/Page_JPetStore Demo/a_Enter the Store")): Object: 'Object Repository/HomePage/Page_JPetStore Demo/a_Enter the Store' is clicked on

2023-08-28 10:33:08 - [MESSAGE][PASSED] - Object: 'Object Repository/HomePage/Page_JPetStore Demo/a_Enter the Store' is clicked on

2023-08-28 10:33:08 - [TEST_STEP][PASSED] - waitForElementPresent(findTestObject("Object Repository/HomePage/Page_JPetStore Demo/a_Sign In"), 0): Object 'Object Repository/HomePage/Page_JPetStore Demo/a_Sign In' is present

2023-08-28 10:33:08 - [MESSAGE][WARNING] - Timeout '0' is invalid. Using default page load timeout: '30'

2023-08-28 10:33:09 - [MESSAGE][PASSED] - Object 'Object Repository/HomePage/Page_JPetStore Demo/a_Sign In' is present

2023-08-28 10:33:09 - [TEST_STEP][PASSED] - verifyElementPresent(findTestObject("Object Repository/HomePage/Page_JPetStore Demo/a_Sign In"), 0): Object 'Object Repository/HomePage/Page_JPetStore Demo/a_Sign In' is present

2023-08-28 10:33:09 - [MESSAGE][WARNING] - Timeout '0' is invalid. Using default page load timeout: '30'

2023-08-28 10:33:09 - [MESSAGE][PASSED] - Object 'Object Repository/HomePage/Page_JPetStore Demo/a_Sign In' is present

2023-08-28 10:33:09 - [TEST_STEP][PASSED] - verifyElementPresent(findTestObject("Object Repository/HomePage/Page_JPetStore Demo/img"), 0): Object 'Object Repository/HomePage/Page_JPetStore Demo/img' is present

2023-08-28 10:33:09 - [MESSAGE][WARNING] - Timeout '0' is invalid. Using default page load timeout: '30'

2023-08-28 10:33:10 - [MESSAGE][PASSED] - Object 'Object Repository/HomePage/Page_JPetStore Demo/img' is present

2023-08-28 10:33:10 - [TEST_STEP][PASSED] - verifyElementPresent(findTestObject("Object Repository/HomePage/Page_JPetStore Demo/img_1"), 0): Object 'Object Repository/HomePage/Page_JPetStore Demo/img_1' is present

2023-08-28 10:33:10 - [MESSAGE][WARNING] - Timeout '0' is invalid. Using default page load timeout: '30'

2023-08-28 10:33:10 - [MESSAGE][PASSED] - Object 'Object Repository/HomePage/Page_JPetStore Demo/img_1' is present

2023-08-28 10:33:10 - [TEST_STEP][PASSED] - verifyElementPresent(findTestObject("Object Repository/HomePage/Page_JPetStore Demo/img_1_2"), 0): Object 'Object Repository/HomePage/Page_JPetStore Demo/img_1_2' is present

2023-08-28 10:33:10 - [MESSAGE][WARNING] - Timeout '0' is invalid. Using default page load timeout: '30'

2023-08-28 10:33:10 - [MESSAGE][PASSED] - Object 'Object Repository/HomePage/Page_JPetStore Demo/img_1_2' is present

2023-08-28 10:33:10 - [TEST_STEP][PASSED] - verifyElementPresent(findTestObject("Object Repository/HomePage/Page_JPetStore Demo/img_1_2_3"), 0): Object 'Object Repository/HomePage/Page_JPetStore Demo/img_1_2_3' is present

2023-08-28 10:33:10 - [MESSAGE][WARNING] - Timeout '0' is invalid. Using default page load timeout: '30'

2023-08-28 10:33:11 - [MESSAGE][PASSED] - Object 'Object Repository/HomePage/Page_JPetStore Demo/img_1_2_3' is present

2023-08-28 10:33:11 - [TEST_STEP][PASSED] - verifyElementPresent(findTestObject("Object Repository/HomePage/Page_JPetStore Demo/img_1_2_3_4"), 0): Object 'Object Repository/HomePage/Page_JPetStore Demo/img_1_2_3_4' is present

2023-08-28 10:33:11 - [MESSAGE][WARNING] - Timeout '0' is invalid. Using default page load timeout: '30'

2023-08-28 10:33:11 - [MESSAGE][PASSED] - Object 'Object Repository/HomePage/Page_JPetStore Demo/img_1_2_3_4' is present

2023-08-28 10:33:11 - [TEST_STEP][PASSED] - verifyElementPresent(findTestObject("Object Repository/HomePage/Page_JPetStore Demo/input__searchProducts"), 0): Object 'Object Repository/HomePage/Page_JPetStore Demo/input__searchProducts' is present

2023-08-28 10:33:11 - [MESSAGE][WARNING] - Timeout '0' is invalid. Using default page load timeout: '30'

2023-08-28 10:33:12 - [MESSAGE][PASSED] - Object 'Object Repository/HomePage/Page_JPetStore Demo/input__searchProducts' is present

2023-08-28 10:33:12 - [TEST_STEP][PASSED] - closeBrowser(): Browser is closed

2023-08-28 10:33:12 - [MESSAGE][PASSED] - Browser is closed]]></system-out>
         <system-err><![CDATA[]]></system-err>
      </testcase>
      <system-out><![CDATA[2023-08-28 10:33:02 - [TEST_SUITE][PASSED] - TestSuite_HomePage: Test Cases/PetStore2_HomePage/Verify_HomePage]]></system-out>
      <system-err><![CDATA[]]></system-err>
   </testsuite>
   <testsuite name="TestSuite_WelcomePage" tests="1" failures="0" errors="0" time="7.874" skipped="0" timestamp="2023-08-28 10:33:41" hostname="VeereshS - VEERESHS.emids.local" id="Test Suites/TestSuite_WelcomePage">
      <properties>
         <property name="deviceName" value=""/>
         <property name="devicePlatform" value=""/>
         <property name="logFolder" value="C:\\Users\\VEERESHS\\git\\PerStore2\\Reports\\20230828_103248\\TestSuite_WelcomePage\\20230828_103252"/>
         <property name="logFiles" value="C:\\Users\\VEERESHS\\git\\PerStore2\\Reports\\20230828_103248\\TestSuite_WelcomePage\\20230828_103252\\execution0.log"/>
         <property name="attachments" value=""/>
         <property name="hostName" value="VeereshS - VEERESHS.emids.local"/>
         <property name="os" value="Windows 10 64bit"/>
         <property name="katalonVersion" value="8.6.6.208"/>
         <property name="browser" value="Chrome 116.0.0.0"/>
         <property name="hostAddress" value="192.168.29.113"/>
         <property name="sessionId" value="95423dd1fdfaf58e626c6a959560924e"/>
         <property name="seleniumVersion" value="3.141.59"/>
         <property name="proxyInformation" value="ProxyInformation { proxyOption=NO_PROXY, proxyServerType=HTTP, username=, password=********, proxyServerAddress=, proxyServerPort=0, executionList=&quot;&quot;, isApplyToDesiredCapabilities=true }"/>
         <property name="platform" value="Windows 10"/>
      </properties>
      <testcase name="Test Cases/PetStore2_WelcomePage/Verify_WelcomePage" time="7.561" classname="Test Cases/PetStore2_WelcomePage/Verify_WelcomePage" status="PASSED">
         <system-out><![CDATA[2023-08-28 10:33:41 - [TEST_CASE][PASSED] - Test Cases/PetStore2_WelcomePage/Verify_WelcomePage: Test Cases/PetStore2_WelcomePage/Verify_WelcomePage

2023-08-28 10:33:42 - [TEST_STEP][PASSED] - openBrowser(""): Browser is opened with url: ''

2023-08-28 10:33:42 - [MESSAGE][INFO] - Starting 'Chrome' driver

2023-08-28 10:33:42 - [MESSAGE][INFO] - Action delay is set to 0 milliseconds

2023-08-28 10:33:45 - [MESSAGE][PASSED] - Browser is opened with url: ''

2023-08-28 10:33:45 - [TEST_STEP][PASSED] - navigateToUrl("https://petstore.octoperf.com/"): Navigate to 'https://petstore.octoperf.com/' successfully

2023-08-28 10:33:46 - [MESSAGE][PASSED] - Navigate to 'https://petstore.octoperf.com/' successfully

2023-08-28 10:33:46 - [TEST_STEP][PASSED] - verifyElementPresent(findTestObject("Object Repository/WelcomePage/Page_JPetStore Demo/h2_Welcome to JPetStore 6"), 0): Object 'Object Repository/WelcomePage/Page_JPetStore Demo/h2_Welcome to JPetStore 6' is present

2023-08-28 10:33:46 - [MESSAGE][WARNING] - Timeout '0' is invalid. Using default page load timeout: '30'

2023-08-28 10:33:47 - [MESSAGE][PASSED] - Object 'Object Repository/WelcomePage/Page_JPetStore Demo/h2_Welcome to JPetStore 6' is present

2023-08-28 10:33:47 - [TEST_STEP][PASSED] - verifyElementText(findTestObject("Object Repository/WelcomePage/Page_JPetStore Demo/sub_Copyright www.mybatis.org"), "Copyright www.mybatis.org"): Actual text and expected text of test object 'Object Repository/WelcomePage/Page_JPetStore Demo/sub_Copyright www.mybatis.org' are matched.

2023-08-28 10:33:47 - [MESSAGE][PASSED] - Actual text and expected text of test object 'Object Repository/WelcomePage/Page_JPetStore Demo/sub_Copyright www.mybatis.org' are matched.

2023-08-28 10:33:47 - [TEST_STEP][PASSED] - waitForElementPresent(findTestObject("Object Repository/WelcomePage/Page_JPetStore Demo/a_Enter the Store"), 0): Object 'Object Repository/WelcomePage/Page_JPetStore Demo/a_Enter the Store' is present

2023-08-28 10:33:47 - [MESSAGE][WARNING] - Timeout '0' is invalid. Using default page load timeout: '30'

2023-08-28 10:33:47 - [MESSAGE][PASSED] - Object 'Object Repository/WelcomePage/Page_JPetStore Demo/a_Enter the Store' is present

2023-08-28 10:33:47 - [TEST_STEP][PASSED] - verifyElementPresent(findTestObject("Object Repository/WelcomePage/Page_JPetStore Demo/a_Enter the Store"), 0): Object 'Object Repository/WelcomePage/Page_JPetStore Demo/a_Enter the Store' is present

2023-08-28 10:33:48 - [MESSAGE][WARNING] - Timeout '0' is invalid. Using default page load timeout: '30'

2023-08-28 10:33:48 - [MESSAGE][PASSED] - Object 'Object Repository/WelcomePage/Page_JPetStore Demo/a_Enter the Store' is present

2023-08-28 10:33:48 - [TEST_STEP][PASSED] - closeBrowser(): Browser is closed

2023-08-28 10:33:49 - [MESSAGE][PASSED] - Browser is closed]]></system-out>
         <system-err><![CDATA[]]></system-err>
      </testcase>
      <system-out><![CDATA[2023-08-28 10:33:41 - [TEST_SUITE][PASSED] - TestSuite_WelcomePage: Test Cases/PetStore2_WelcomePage/Verify_WelcomePage]]></system-out>
      <system-err><![CDATA[]]></system-err>
   </testsuite>
</testsuites>
