<?xml version="1.0" encoding="UTF-8"?>
<testsuites name="TestSuite_WelcomePage" time="6.256" tests="1" failures="0" errors="0">
   <testsuite name="TestSuite_WelcomePage" tests="1" failures="0" errors="0" time="6.256" skipped="0" timestamp="2023-08-28 13:14:44" hostname="VeereshS - VEERESHS.emids.local" id="Test Suites/TestSuite_WelcomePage">
      <properties>
         <property name="deviceName" value=""/>
         <property name="devicePlatform" value=""/>
         <property name="logFolder" value="C:\\Users\\VEERESHS\\git\\PerStore2\\Reports\\20230828_131437\\TestSuite_WelcomePage\\20230828_131438"/>
         <property name="logFiles" value="C:\\Users\\VEERESHS\\git\\PerStore2\\Reports\\20230828_131437\\TestSuite_WelcomePage\\20230828_131438\\execution0.log"/>
         <property name="attachments" value=""/>
         <property name="hostName" value="VeereshS - VEERESHS.emids.local"/>
         <property name="os" value="Windows 10 64bit"/>
         <property name="katalonVersion" value="8.6.6.208"/>
         <property name="browser" value="Chrome 116.0.0.0"/>
         <property name="hostAddress" value="192.168.29.113"/>
         <property name="sessionId" value="5cec48cc83b943e26e2750e07db18620"/>
         <property name="seleniumVersion" value="3.141.59"/>
         <property name="proxyInformation" value="ProxyInformation { proxyOption=NO_PROXY, proxyServerType=HTTP, username=, password=********, proxyServerAddress=, proxyServerPort=0, executionList=&quot;&quot;, isApplyToDesiredCapabilities=true }"/>
         <property name="platform" value="Windows 10"/>
      </properties>
      <testcase name="Test Cases/PetStore2_WelcomePage/Verify_WelcomePage" time="6.041" classname="Test Cases/PetStore2_WelcomePage/Verify_WelcomePage" status="PASSED">
         <system-out><![CDATA[2023-08-28 13:14:44 - [TEST_CASE][PASSED] - Test Cases/PetStore2_WelcomePage/Verify_WelcomePage: Test Cases/PetStore2_WelcomePage/Verify_WelcomePage

2023-08-28 13:14:45 - [TEST_STEP][PASSED] - openBrowser(""): Browser is opened with url: ''

2023-08-28 13:14:45 - [MESSAGE][INFO] - Starting 'Chrome' driver

2023-08-28 13:14:45 - [MESSAGE][INFO] - Action delay is set to 0 milliseconds

2023-08-28 13:14:47 - [MESSAGE][PASSED] - Browser is opened with url: ''

2023-08-28 13:14:47 - [TEST_STEP][PASSED] - navigateToUrl("https://petstore.octoperf.com/"): Navigate to 'https://petstore.octoperf.com/' successfully

2023-08-28 13:14:48 - [MESSAGE][PASSED] - Navigate to 'https://petstore.octoperf.com/' successfully

2023-08-28 13:14:48 - [TEST_STEP][PASSED] - verifyElementPresent(findTestObject("Object Repository/WelcomePage/Page_JPetStore Demo/h2_Welcome to JPetStore 6"), 0): Object 'Object Repository/WelcomePage/Page_JPetStore Demo/h2_Welcome to JPetStore 6' is present

2023-08-28 13:14:48 - [MESSAGE][WARNING] - Timeout '0' is invalid. Using default page load timeout: '30'

2023-08-28 13:14:48 - [MESSAGE][PASSED] - Object 'Object Repository/WelcomePage/Page_JPetStore Demo/h2_Welcome to JPetStore 6' is present

2023-08-28 13:14:48 - [TEST_STEP][PASSED] - verifyElementText(findTestObject("Object Repository/WelcomePage/Page_JPetStore Demo/sub_Copyright www.mybatis.org"), "Copyright www.mybatis.org"): Actual text and expected text of test object 'Object Repository/WelcomePage/Page_JPetStore Demo/sub_Copyright www.mybatis.org' are matched.

2023-08-28 13:14:49 - [MESSAGE][PASSED] - Actual text and expected text of test object 'Object Repository/WelcomePage/Page_JPetStore Demo/sub_Copyright www.mybatis.org' are matched.

2023-08-28 13:14:49 - [TEST_STEP][PASSED] - waitForElementPresent(findTestObject("Object Repository/WelcomePage/Page_JPetStore Demo/a_Enter the Store"), 0): Object 'Object Repository/WelcomePage/Page_JPetStore Demo/a_Enter the Store' is present

2023-08-28 13:14:49 - [MESSAGE][WARNING] - Timeout '0' is invalid. Using default page load timeout: '30'

2023-08-28 13:14:49 - [MESSAGE][PASSED] - Object 'Object Repository/WelcomePage/Page_JPetStore Demo/a_Enter the Store' is present

2023-08-28 13:14:49 - [TEST_STEP][PASSED] - verifyElementPresent(findTestObject("Object Repository/WelcomePage/Page_JPetStore Demo/a_Enter the Store"), 0): Object 'Object Repository/WelcomePage/Page_JPetStore Demo/a_Enter the Store' is present

2023-08-28 13:14:49 - [MESSAGE][WARNING] - Timeout '0' is invalid. Using default page load timeout: '30'

2023-08-28 13:14:50 - [MESSAGE][PASSED] - Object 'Object Repository/WelcomePage/Page_JPetStore Demo/a_Enter the Store' is present

2023-08-28 13:14:50 - [TEST_STEP][PASSED] - closeBrowser(): Browser is closed

2023-08-28 13:14:50 - [MESSAGE][PASSED] - Browser is closed]]></system-out>
         <system-err><![CDATA[]]></system-err>
      </testcase>
      <system-out><![CDATA[2023-08-28 13:14:44 - [TEST_SUITE][PASSED] - TestSuite_WelcomePage: Test Cases/PetStore2_WelcomePage/Verify_WelcomePage]]></system-out>
      <system-err><![CDATA[]]></system-err>
   </testsuite>
</testsuites>
