<?xml version="1.0" encoding="UTF-8"?>
<testsuites name="TestSuite_HomePage" time="94.777" tests="1" failures="0" errors="0">
   <testsuite name="TestSuite_HomePage" tests="1" failures="0" errors="0" time="94.777" skipped="0" timestamp="2023-08-28 11:56:46" hostname="VeereshS - VEERESHS.emids.local" id="Test Suites/TestSuite_HomePage">
      <properties>
         <property name="deviceName"/>
         <property name="devicePlatform" value="MAC"/>
         <property name="logFolder" value="C:\\Users\\VEERESHS\\git\\PerStore2\\Reports\\20230828_115635\\TestSuite_HomePage\\20230828_115635"/>
         <property name="logFiles" value="C:\\Users\\VEERESHS\\git\\PerStore2\\Reports\\20230828_115635\\TestSuite_HomePage\\20230828_115635\\execution0.log"/>
         <property name="attachments" value=""/>
         <property name="hostName" value="VeereshS - VEERESHS.emids.local"/>
         <property name="remoteDriverUrl" value="testcloud.katalon.com/hub"/>
         <property name="desiredCapabilities" value="{
  &quot;safari:diagnose&quot;: false,
  &quot;strictFileInteractability&quot;: false,
  &quot;***:loadExtension&quot;: [
    &quot;https://prod-magicleap-user-files-us-east-1-v1.s3.amazonaws.com/extensions/orgId-691279/SmartWait.zip&quot;
  ],
  &quot;version&quot;: &quot;16&quot;,
  &quot;platform&quot;: &quot;MAC&quot;,
  &quot;proxy&quot;: {
    &quot;proxyType&quot;: &quot;PAC&quot;,
    &quot;autodetect&quot;: false,
    &quot;proxyAutoconfigUrl&quot;: &quot;http://tunnel-manager-internal.katalon.com/pac/31b548b6-f62a-47bb-8644-69f7522abfde.pac&quot;
  },
  &quot;safari:automaticProfiling&quot;: false,
  &quot;webdriver.remote.sessionid&quot;: &quot;8E392CFC-1C45-482D-BC06-D8074757B54A&quot;,
  &quot;requestId&quot;: &quot;28fe4035-1152-4e80-b36e-3d8dde57fb6c&quot;,
  &quot;safari:platformBuildVersion&quot;: &quot;22A380&quot;,
  &quot;acceptInsecureCerts&quot;: false,
  &quot;browserVersion&quot;: &quot;16&quot;,
  &quot;safari:useSimulator&quot;: false,
  &quot;webkit:WebRTC&quot;: {
    &quot;DisableICECandidateFiltering&quot;: false,
    &quot;DisableInsecureMediaCapture&quot;: false
  },
  &quot;safari:platformVersion&quot;: &quot;13.0&quot;,
  &quot;browserName&quot;: &quot;Safari&quot;,
  &quot;javascriptEnabled&quot;: true,
  &quot;katalon:option&quot;: {
    &quot;unlimitedExecutionMinutes&quot;: true,
    &quot;apiKey&quot;: &quot;dcb9e583-8eaf-418e-801b-015accd566a0&quot;,
    &quot;tunnelMetadataId&quot;: &quot;31b548b6-f62a-47bb-8644-69f7522abfde&quot;,
    &quot;userId&quot;: 1292133,
    &quot;organizationId&quot;: &quot;1239424&quot;,
    &quot;class&quot;: &quot;com.katalon.testcloud.grid.common.tunnel.domain.UserOptionCapability&quot;,
    &quot;runFromTestCloud&quot;: true,
    &quot;tenant&quot;: &quot;KatalonStudio&quot;,
    &quot;usingTunnel&quot;: true,
    &quot;group&quot;: &quot;59212405-93c4-4d6a-a49f-851afee1e783&quot;
  },
  &quot;safari:automaticInspection&quot;: false,
  &quot;platformName&quot;: &quot;MAC&quot;,
  &quot;setWindowRect&quot;: true
}"/>
         <property name="os" value="Windows 10 64bit"/>
         <property name="remoteOS" value="MacOS"/>
         <property name="katalonVersion" value="8.6.6.208"/>
         <property name="browser" value="Safari 16"/>
         <property name="hostAddress" value="192.168.27.19"/>
         <property name="sessionId" value="8E392CFC-1C45-482D-BC06-D8074757B54A"/>
         <property name="seleniumVersion" value="3.141.59"/>
         <property name="proxyInformation" value="ProxyInformation { proxyOption=NO_PROXY, proxyServerType=HTTP, username=, password=********, proxyServerAddress=, proxyServerPort=0, executionList=&quot;&quot;, isApplyToDesiredCapabilities=true }"/>
         <property name="platform" value="Windows 10"/>
      </properties>
      <testcase name="Test Cases/PetStore2_HomePage/Verify_HomePage" time="94.542" classname="Test Cases/PetStore2_HomePage/Verify_HomePage" status="PASSED">
         <system-out><![CDATA[2023-08-28 11:56:46 - [TEST_CASE][PASSED] - Test Cases/PetStore2_HomePage/Verify_HomePage: Test Cases/PetStore2_HomePage/Verify_HomePage

2023-08-28 11:56:47 - [TEST_STEP][PASSED] - openBrowser(""): Browser is opened with url: ''

2023-08-28 11:56:47 - [MESSAGE][INFO] - User set preference: ['os', 'macos']

2023-08-28 11:56:47 - [MESSAGE][INFO] - User set preference: ['browserName', 'safari']

2023-08-28 11:56:47 - [MESSAGE][INFO] - User set preference: ['browserVersion', '16']

2023-08-28 11:56:47 - [MESSAGE][INFO] - User set preference: ['katalon:option', '{organizationId=1239424, tunnelId=31b548b6-f62a-47bb-8644-69f7522abfde, usingTunnel=true}']

2023-08-28 11:56:47 - [MESSAGE][INFO] - Connecting to remote web server 'testcloud.katalon.com/hub' with type 'Selenium'

2023-08-28 11:56:48 - [MESSAGE][INFO] - Action delay is set to 0 milliseconds

2023-08-28 11:57:58 - [MESSAGE][PASSED] - Browser is opened with url: ''

2023-08-28 11:57:58 - [TEST_STEP][PASSED] - navigateToUrl("https://petstore.octoperf.com/"): Navigate to 'https://petstore.octoperf.com/' successfully

2023-08-28 11:58:01 - [MESSAGE][PASSED] - Navigate to 'https://petstore.octoperf.com/' successfully

2023-08-28 11:58:01 - [TEST_STEP][PASSED] - waitForElementPresent(findTestObject("Object Repository/HomePage/Page_JPetStore Demo/a_Enter the Store"), 0): Object 'Object Repository/HomePage/Page_JPetStore Demo/a_Enter the Store' is present

2023-08-28 11:58:01 - [MESSAGE][WARNING] - Timeout '0' is invalid. Using default page load timeout: '30'

2023-08-28 11:58:02 - [MESSAGE][PASSED] - Object 'Object Repository/HomePage/Page_JPetStore Demo/a_Enter the Store' is present

2023-08-28 11:58:02 - [TEST_STEP][PASSED] - click(findTestObject("Object Repository/HomePage/Page_JPetStore Demo/a_Enter the Store")): Object: 'Object Repository/HomePage/Page_JPetStore Demo/a_Enter the Store' is clicked on

2023-08-28 11:58:05 - [MESSAGE][PASSED] - Object: 'Object Repository/HomePage/Page_JPetStore Demo/a_Enter the Store' is clicked on

2023-08-28 11:58:05 - [TEST_STEP][PASSED] - waitForElementPresent(findTestObject("Object Repository/HomePage/Page_JPetStore Demo/a_Sign In"), 0): Object 'Object Repository/HomePage/Page_JPetStore Demo/a_Sign In' is present

2023-08-28 11:58:05 - [MESSAGE][WARNING] - Timeout '0' is invalid. Using default page load timeout: '30'

2023-08-28 11:58:07 - [MESSAGE][PASSED] - Object 'Object Repository/HomePage/Page_JPetStore Demo/a_Sign In' is present

2023-08-28 11:58:07 - [TEST_STEP][PASSED] - verifyElementPresent(findTestObject("Object Repository/HomePage/Page_JPetStore Demo/a_Sign In"), 0): Object 'Object Repository/HomePage/Page_JPetStore Demo/a_Sign In' is present

2023-08-28 11:58:07 - [MESSAGE][WARNING] - Timeout '0' is invalid. Using default page load timeout: '30'

2023-08-28 11:58:09 - [MESSAGE][PASSED] - Object 'Object Repository/HomePage/Page_JPetStore Demo/a_Sign In' is present

2023-08-28 11:58:09 - [TEST_STEP][PASSED] - verifyElementPresent(findTestObject("Object Repository/HomePage/Page_JPetStore Demo/img"), 0): Object 'Object Repository/HomePage/Page_JPetStore Demo/img' is present

2023-08-28 11:58:09 - [MESSAGE][WARNING] - Timeout '0' is invalid. Using default page load timeout: '30'

2023-08-28 11:58:10 - [MESSAGE][PASSED] - Object 'Object Repository/HomePage/Page_JPetStore Demo/img' is present

2023-08-28 11:58:10 - [TEST_STEP][PASSED] - verifyElementPresent(findTestObject("Object Repository/HomePage/Page_JPetStore Demo/img_1"), 0): Object 'Object Repository/HomePage/Page_JPetStore Demo/img_1' is present

2023-08-28 11:58:10 - [MESSAGE][WARNING] - Timeout '0' is invalid. Using default page load timeout: '30'

2023-08-28 11:58:12 - [MESSAGE][PASSED] - Object 'Object Repository/HomePage/Page_JPetStore Demo/img_1' is present

2023-08-28 11:58:12 - [TEST_STEP][PASSED] - verifyElementPresent(findTestObject("Object Repository/HomePage/Page_JPetStore Demo/img_1_2"), 0): Object 'Object Repository/HomePage/Page_JPetStore Demo/img_1_2' is present

2023-08-28 11:58:12 - [MESSAGE][WARNING] - Timeout '0' is invalid. Using default page load timeout: '30'

2023-08-28 11:58:14 - [MESSAGE][PASSED] - Object 'Object Repository/HomePage/Page_JPetStore Demo/img_1_2' is present

2023-08-28 11:58:14 - [TEST_STEP][PASSED] - verifyElementPresent(findTestObject("Object Repository/HomePage/Page_JPetStore Demo/img_1_2_3"), 0): Object 'Object Repository/HomePage/Page_JPetStore Demo/img_1_2_3' is present

2023-08-28 11:58:14 - [MESSAGE][WARNING] - Timeout '0' is invalid. Using default page load timeout: '30'

2023-08-28 11:58:16 - [MESSAGE][PASSED] - Object 'Object Repository/HomePage/Page_JPetStore Demo/img_1_2_3' is present

2023-08-28 11:58:16 - [TEST_STEP][PASSED] - verifyElementPresent(findTestObject("Object Repository/HomePage/Page_JPetStore Demo/img_1_2_3_4"), 0): Object 'Object Repository/HomePage/Page_JPetStore Demo/img_1_2_3_4' is present

2023-08-28 11:58:16 - [MESSAGE][WARNING] - Timeout '0' is invalid. Using default page load timeout: '30'

2023-08-28 11:58:17 - [MESSAGE][PASSED] - Object 'Object Repository/HomePage/Page_JPetStore Demo/img_1_2_3_4' is present

2023-08-28 11:58:17 - [TEST_STEP][PASSED] - verifyElementPresent(findTestObject("Object Repository/HomePage/Page_JPetStore Demo/input__searchProducts"), 0): Object 'Object Repository/HomePage/Page_JPetStore Demo/input__searchProducts' is present

2023-08-28 11:58:17 - [MESSAGE][WARNING] - Timeout '0' is invalid. Using default page load timeout: '30'

2023-08-28 11:58:19 - [MESSAGE][PASSED] - Object 'Object Repository/HomePage/Page_JPetStore Demo/input__searchProducts' is present

2023-08-28 11:58:19 - [TEST_STEP][PASSED] - closeBrowser(): Browser is closed

2023-08-28 11:58:21 - [MESSAGE][PASSED] - Browser is closed]]></system-out>
         <system-err><![CDATA[]]></system-err>
      </testcase>
      <system-out><![CDATA[2023-08-28 11:56:46 - [TEST_SUITE][PASSED] - TestSuite_HomePage: Test Cases/PetStore2_HomePage/Verify_HomePage]]></system-out>
      <system-err><![CDATA[]]></system-err>
   </testsuite>
</testsuites>
